0 info it worked if it ends with ok
1 verbose cli [ 'C:\\Program Files\\nodejs\\node.exe',
1 verbose cli   'C:\\Program Files\\nodejs\\node_modules\\npm\\bin\\npm-cli.js',
1 verbose cli   'publish' ]
2 info using npm@3.8.6
3 info using node@v6.0.0
4 verbose publish [ '.' ]
5 silly cache add args [ '.', null ]
6 verbose cache add spec .
7 silly cache add parsed spec Result {
7 silly cache add   raw: '.',
7 silly cache add   scope: null,
7 silly cache add   name: null,
7 silly cache add   rawSpec: '.',
7 silly cache add   spec: 'D:\\201607AngularJS\\learnNPM\\censorify',
7 silly cache add   type: 'directory' }
8 verbose addLocalDirectory C:\Users\zengguangyi\AppData\Roaming\npm-cache\censorifyGuangyi\0.1.1\package.tgz not in flight; packing
9 verbose correctMkdir C:\Users\zengguangyi\AppData\Roaming\npm-cache correctMkdir not in flight; initializing
10 info lifecycle censorifyGuangyi@0.1.1~prepublish: censorifyGuangyi@0.1.1
11 silly lifecycle censorifyGuangyi@0.1.1~prepublish: no script for prepublish, continuing
12 verbose tar pack [ 'C:\\Users\\zengguangyi\\AppData\\Roaming\\npm-cache\\censorifyGuangyi\\0.1.1\\package.tgz',
12 verbose tar pack   'D:\\201607AngularJS\\learnNPM\\censorify' ]
13 verbose tarball C:\Users\zengguangyi\AppData\Roaming\npm-cache\censorifyGuangyi\0.1.1\package.tgz
14 verbose folder D:\201607AngularJS\learnNPM\censorify
15 verbose addLocalTarball adding from inside cache C:\Users\zengguangyi\AppData\Roaming\npm-cache\censorifyGuangyi\0.1.1\package.tgz
16 verbose correctMkdir C:\Users\zengguangyi\AppData\Roaming\npm-cache correctMkdir not in flight; initializing
17 silly cache afterAdd censorifyGuangyi@0.1.1
18 verbose afterAdd C:\Users\zengguangyi\AppData\Roaming\npm-cache\censorifyGuangyi\0.1.1\package\package.json not in flight; writing
19 verbose correctMkdir C:\Users\zengguangyi\AppData\Roaming\npm-cache correctMkdir not in flight; initializing
20 verbose afterAdd C:\Users\zengguangyi\AppData\Roaming\npm-cache\censorifyGuangyi\0.1.1\package\package.json written
21 silly publish { author: { name: 'guangyi' },
21 silly publish   name: 'censorifyGuangyi',
21 silly publish   version: '0.1.1',
21 silly publish   description: 'Censors words out of text',
21 silly publish   main: 'censortext',
21 silly publish   repository:
21 silly publish    { type: 'git',
21 silly publish      url: 'https://github.com/zengguangyi/learnAngularJS/tree/master/learnNPM/censorify' },
21 silly publish   keywords: [ 'censor', 'words' ],
21 silly publish   dependencies: {},
21 silly publish   engines: { node: '*' },
21 silly publish   readme: '##hahahaha',
21 silly publish   readmeFilename: 'README.md',
21 silly publish   _id: 'censorifyGuangyi@0.1.1',
21 silly publish   scripts: {},
21 silly publish   _shasum: 'ab6fe95f34cb43f2f83700ccb875ba5fbf7c2418',
21 silly publish   _from: '.' }
22 verbose getPublishConfig undefined
23 silly mapToRegistry name censorifyGuangyi
24 silly mapToRegistry using default registry
25 silly mapToRegistry registry https://registry.npmjs.org/
26 silly mapToRegistry data Result {
26 silly mapToRegistry   raw: 'censorifyGuangyi',
26 silly mapToRegistry   scope: null,
26 silly mapToRegistry   name: 'censorifyGuangyi',
26 silly mapToRegistry   rawSpec: '',
26 silly mapToRegistry   spec: 'latest',
26 silly mapToRegistry   type: 'tag' }
27 silly mapToRegistry uri https://registry.npmjs.org/censorifyGuangyi
28 verbose publish registryBase https://registry.npmjs.org/
29 silly publish uploading C:\Users\zengguangyi\AppData\Roaming\npm-cache\censorifyGuangyi\0.1.1\package.tgz
30 verbose request uri https://registry.npmjs.org/censorifyGuangyi
31 verbose request sending authorization for write operation
32 info attempt registry request try #1 at 19:09:58
33 verbose request using bearer token for auth
34 verbose request id 2a8483ed5d44ba76
35 http request PUT https://registry.npmjs.org/censorifyGuangyi
36 http 403 https://registry.npmjs.org/censorifyGuangyi
37 verbose headers { 'content-type': 'application/json',
37 verbose headers   'cache-control': 'max-age=300',
37 verbose headers   'content-length': '128',
37 verbose headers   'accept-ranges': 'bytes',
37 verbose headers   date: 'Wed, 06 Jul 2016 11:09:57 GMT',
37 verbose headers   via: '1.1 varnish',
37 verbose headers   connection: 'keep-alive',
37 verbose headers   'x-served-by': 'cache-hkg6827-HKG',
37 verbose headers   'x-cache': 'MISS',
37 verbose headers   'x-cache-hits': '0',
37 verbose headers   'x-timer': 'S1467803396.829966,VS0,VE880',
37 verbose headers   vary: 'Accept-Encoding' }
38 verbose request invalidating C:\Users\zengguangyi\AppData\Roaming\npm-cache\registry.npmjs.org\censorifyGuangyi on PUT
39 error publish Failed PUT 403
40 verbose stack Error: "You cannot publish over the previously published version 0.1.1. Try bumping the version to 1.0.0" : censorifyGuangyi
40 verbose stack     at makeError (C:\Program Files\nodejs\node_modules\npm\node_modules\npm-registry-client\lib\request.js:264:12)
40 verbose stack     at CachingRegistryClient.<anonymous> (C:\Program Files\nodejs\node_modules\npm\node_modules\npm-registry-client\lib\request.js:252:14)
40 verbose stack     at Request._callback (C:\Program Files\nodejs\node_modules\npm\node_modules\npm-registry-client\lib\request.js:172:14)
40 verbose stack     at Request.self.callback (C:\Program Files\nodejs\node_modules\npm\node_modules\request\request.js:199:22)
40 verbose stack     at emitTwo (events.js:106:13)
40 verbose stack     at Request.emit (events.js:191:7)
40 verbose stack     at Request.<anonymous> (C:\Program Files\nodejs\node_modules\npm\node_modules\request\request.js:1036:10)
40 verbose stack     at emitOne (events.js:101:20)
40 verbose stack     at Request.emit (events.js:188:7)
40 verbose stack     at IncomingMessage.<anonymous> (C:\Program Files\nodejs\node_modules\npm\node_modules\request\request.js:963:12)
41 verbose statusCode 403
42 verbose pkgid censorifyGuangyi
43 verbose cwd D:\201607AngularJS\learnNPM\censorify
44 error Windows_NT 10.0.10586
45 error argv "C:\\Program Files\\nodejs\\node.exe" "C:\\Program Files\\nodejs\\node_modules\\npm\\bin\\npm-cli.js" "publish"
46 error node v6.0.0
47 error npm  v3.8.6
48 error code E403
49 error "You cannot publish over the previously published version 0.1.1. Try bumping the version to 1.0.0" : censorifyGuangyi
50 error If you need help, you may report this error at:
50 error     <https://github.com/npm/npm/issues>
51 verbose exit [ 1, true ]
